info it worked if it ends with ok
verbose cli [ 'node', '/usr/local/bin/npm', 'test' ]
info using npm@1.0.106
info using node@v0.6.7
verbose config file /Users/flx/.npmrc
verbose config file /usr/local/etc/npmrc
verbose config file /usr/local/lib/node_modules/npm/npmrc
silly testEngine { name: 'domino',
silly testEngine   version: '0.0.1',
silly testEngine   main: './lib',
silly testEngine   scripts: { test: './node_modules/.bin/mocha' },
silly testEngine   devDependencies: { mocha: '0.10.x' },
silly testEngine   _npmUser: { name: 'fgnass', email: 'fgnass@gmail.com' },
silly testEngine   _id: 'domino@0.0.1',
silly testEngine   dependencies: {},
silly testEngine   engines: { node: '*' },
silly testEngine   _engineSupported: true,
silly testEngine   _npmVersion: '1.0.106',
silly testEngine   _nodeVersion: 'v0.6.7',
silly testEngine   _defaultsLoaded: true }
verbose caching /Users/flx/js/domino/package.json
verbose loadDefaults domino@0.0.1
verbose run-script [ 'pretest', 'test', 'posttest' ]
info pretest domino@0.0.1
info test domino@0.0.1
verbose unsafe-perm in lifecycle true
silly exec sh "-c" "./node_modules/.bin/mocha"
silly spawning [ 'sh',
silly spawning   [ '-c', './node_modules/.bin/mocha' ],
silly spawning   '/Users/flx/js/domino' ]
info domino@0.0.1 Failed to exec test script
ERR! domino@0.0.1 test: `./node_modules/.bin/mocha`
ERR! `sh "-c" "./node_modules/.bin/mocha"` failed with 250
ERR! 
ERR! Failed at the domino@0.0.1 test script.
ERR! This is most likely a problem with the domino package,
ERR! not with npm itself.
ERR! Tell the author that this fails on your system:
ERR!     ./node_modules/.bin/mocha
ERR! You can get their info via:
ERR!     npm owner ls domino
ERR! There is likely additional logging output above.
ERR! 
ERR! System Darwin 11.2.0
ERR! command "node" "/usr/local/bin/npm" "test"
ERR! cwd /Users/flx/js/domino
ERR! node -v v0.6.7
ERR! npm -v 1.0.106
ERR! code ELIFECYCLE
verbose exit [ 1, true ]
